         11993 function calls (11872 primitive calls) in 0.125 seconds

   Ordered by: cumulative time

   ncalls  tottime  percall  cumtime  percall filename:lineno(function)
        3    0.017    0.006    0.185    0.062 __init__.py:1(<module>)
        1    0.001    0.001    0.125    0.125 np_test_sph.py:1(<module>)
        1    0.003    0.003    0.123    0.123 __init__.py:106(<module>)
        1    0.000    0.000    0.105    0.105 add_newdocs.py:10(<module>)
        1    0.000    0.000    0.081    0.081 type_check.py:3(<module>)
        1    0.001    0.001    0.048    0.048 __init__.py:7(<module>)
        1    0.002    0.002    0.028    0.028 utils.py:4(<module>)
        2    0.008    0.004    0.027    0.014 __init__.py:45(<module>)
        1    0.003    0.003    0.021    0.021 tempfile.py:18(<module>)
        1    0.008    0.008    0.014    0.014 random.py:40(<module>)
        1    0.004    0.004    0.011    0.011 numeric.py:1(<module>)
        1    0.009    0.009    0.009    0.009 case.py:1(<module>)
        1    0.002    0.002    0.009    0.009 _internal.py:6(<module>)
        1    0.000    0.000    0.009    0.009 polynomial.py:4(<module>)
        1    0.002    0.002    0.006    0.006 collections.py:1(<module>)
        1    0.000    0.000    0.006    0.006 main.py:1(<module>)
        1    0.006    0.006    0.006    0.006 runner.py:1(<module>)
        1    0.005    0.005    0.005    0.005 hashlib.py:56(<module>)
        1    0.004    0.004    0.005    0.005 __init__.py:88(<module>)
        1    0.002    0.002    0.005    0.005 __init__.py:41(<module>)
        1    0.004    0.004    0.004    0.004 npyio.py:1(<module>)
        1    0.004    0.004    0.004    0.004 shutil.py:5(<module>)
        1    0.002    0.002    0.004    0.004 __init__.py:15(<module>)
       17    0.000    0.000    0.004    0.000 re.py:192(compile)
       17    0.000    0.000    0.004    0.000 re.py:230(_compile)
        1    0.003    0.003    0.004    0.004 io.py:34(<module>)
        1    0.004    0.004    0.004    0.004 heapq.py:31(<module>)
       13    0.000    0.000    0.004    0.000 sre_compile.py:567(compile)
        1    0.001    0.001    0.003    0.003 index_tricks.py:1(<module>)
        1    0.002    0.002    0.003    0.003 __init__.py:4(<module>)
        1    0.001    0.001    0.003    0.003 numerictypes.py:82(<module>)
        1    0.001    0.001    0.002    0.002 core.py:21(<module>)
       13    0.000    0.000    0.002    0.000 sre_parse.py:706(parse)
      272    0.001    0.000    0.002    0.000 function_base.py:3511(add_newdoc)
    19/13    0.000    0.000    0.002    0.000 sre_parse.py:317(_parse_sub)
    19/13    0.001    0.000    0.002    0.000 sre_parse.py:395(_parse)
        1    0.001    0.001    0.002    0.002 result.py:1(<module>)
       16    0.000    0.000    0.001    0.000 abc.py:86(__new__)
        2    0.001    0.000    0.001    0.001 function_base.py:1(<module>)
       13    0.000    0.000    0.001    0.000 sre_compile.py:552(_code)
       40    0.000    0.000    0.001    0.000 core.py:102(get_object_signature)
       23    0.000    0.000    0.001    0.000 core.py:6256(__init__)
       23    0.000    0.000    0.001    0.000 core.py:6261(getdoc)
        2    0.001    0.000    0.001    0.001 collections.py:293(namedtuple)
        1    0.001    0.001    0.001    0.001 linalg.py:10(<module>)
    40/13    0.000    0.000    0.001    0.000 sre_compile.py:64(_compile)
        1    0.001    0.001    0.001    0.001 polynomial.py:55(<module>)
        5    0.000    0.000    0.001    0.000 warnings.py:67(filterwarnings)
        1    0.000    0.000    0.001    0.001 random.py:91(__init__)
        1    0.000    0.000    0.001    0.001 random.py:100(seed)
       40    0.001    0.000    0.001    0.000 _inspect.py:98(getargspec)
        1    0.001    0.001    0.001    0.001 arrayprint.py:5(<module>)
        1    0.001    0.001    0.001    0.001 loader.py:1(<module>)
        1    0.000    0.000    0.001    0.001 difflib.py:27(<module>)
        1    0.000    0.000    0.001    0.001 __init__.py:3(<module>)
      272    0.001    0.000    0.001    0.000 {__import__}
        1    0.000    0.000    0.001    0.001 utils.py:1(<module>)
        1    0.000    0.000    0.001    0.001 threading.py:1(<module>)
        1    0.000    0.000    0.001    0.001 util.py:1(<module>)
        1    0.000    0.000    0.001    0.001 numbers.py:6(<module>)
     1297    0.001    0.000    0.001    0.000 {getattr}
        1    0.001    0.001    0.001    0.001 {function seed at 0x2b8de1cf39b0}
       15    0.000    0.000    0.001    0.000 abc.py:105(register)
    89/61    0.000    0.000    0.000    0.000 {issubclass}
        1    0.000    0.000    0.000    0.000 np_test_sph.py:17(vector_compute_spherical_harmonics)
      270    0.000    0.000    0.000    0.000 sre_parse.py:212(get)
    20/15    0.000    0.000    0.000    0.000 abc.py:148(__subclasscheck__)
        1    0.000    0.000    0.000    0.000 numerictypes.py:301(_add_aliases)
        1    0.000    0.000    0.000    0.000 __init__.py:10(<module>)
      314    0.000    0.000    0.000    0.000 sre_parse.py:193(__next)
       13    0.000    0.000    0.000    0.000 sre_compile.py:433(_compile_info)
       16    0.000    0.000    0.000    0.000 {built-in method __new__ of type object at 0x2b8dadef2f20}
       15    0.000    0.000    0.000    0.000 sre_compile.py:228(_compile_charset)
        1    0.000    0.000    0.000    0.000 __init__.py:265(_reset_cache)
        1    0.000    0.000    0.000    0.000 fftpack.py:32(<module>)
        1    0.000    0.000    0.000    0.000 os.py:475(update)
        1    0.000    0.000    0.000    0.000 defmatrix.py:1(<module>)
        1    0.000    0.000    0.000    0.000 ctypeslib.py:51(<module>)
       72    0.000    0.000    0.000    0.000 abc.py:89(<genexpr>)
       31    0.000    0.000    0.000    0.000 _inspect.py:142(formatargspec)
        1    0.000    0.000    0.000    0.000 {posix.urandom}
       64    0.000    0.000    0.000    0.000 _weakrefset.py:36(__init__)
        1    0.000    0.000    0.000    0.000 extras.py:10(<module>)
       15    0.000    0.000    0.000    0.000 sre_compile.py:256(_optimize_charset)
      104    0.000    0.000    0.000    0.000 os.py:472(__setitem__)
    61/34    0.000    0.000    0.000    0.000 sre_parse.py:151(getwidth)
        1    0.000    0.000    0.000    0.000 fromnumeric.py:3(<module>)
      958    0.000    0.000    0.000    0.000 {isinstance}
      104    0.000    0.000    0.000    0.000 {posix.putenv}
       26    0.000    0.000    0.000    0.000 numerictypes.py:229(bitname)
      145    0.000    0.000    0.000    0.000 sre_parse.py:141(__getitem__)
       19    0.000    0.000    0.000    0.000 nosetester.py:180(__init__)
        1    0.000    0.000    0.000    0.000 hermite_e.py:59(<module>)
        1    0.000    0.000    0.000    0.000 numerictypes.py:957(_register_types)
      115    0.000    0.000    0.000    0.000 sre_parse.py:206(match)
        1    0.000    0.000    0.000    0.000 legendre.py:83(<module>)
        1    0.000    0.000    0.000    0.000 _iotools.py:3(<module>)
        3    0.000    0.000    0.000    0.000 numeric.py:358(extend_all)
        1    0.000    0.000    0.000    0.000 _polybase.py:8(<module>)
        9    0.000    0.000    0.000    0.000 extras.py:230(__init__)
        1    0.000    0.000    0.000    0.000 hermite.py:59(<module>)
        1    0.000    0.000    0.000    0.000 chebyshev.py:87(<module>)
       27    0.000    0.000    0.000    0.000 core.py:857(__init__)
        9    0.000    0.000    0.000    0.000 extras.py:234(getdoc)
        1    0.000    0.000    0.000    0.000 signals.py:1(<module>)
       31    0.000    0.000    0.000    0.000 _inspect.py:67(getargs)
       43    0.000    0.000    0.000    0.000 _weakrefset.py:58(__iter__)
1028/1006    0.000    0.000    0.000    0.000 {len}
     1387    0.000    0.000    0.000    0.000 {method 'append' of 'list' objects}
      270    0.000    0.000    0.000    0.000 {method 'strip' of 'str' objects}
        8    0.000    0.000    0.000    0.000 core.py:7523(__init__)
        1    0.000    0.000    0.000    0.000 laguerre.py:59(<module>)
        1    0.000    0.000    0.000    0.000 os.py:499(clear)
       40    0.000    0.000    0.000    0.000 {numpy.core.multiarray.array}
        8    0.000    0.000    0.000    0.000 core.py:7528(getdoc)
       14    0.000    0.000    0.000    0.000 __init__.py:147(_check_size)
      270    0.000    0.000    0.000    0.000 {numpy.core.multiarray.add_docstring}
      104    0.000    0.000    0.000    0.000 {posix.unsetenv}
        1    0.000    0.000    0.000    0.000 polyutils.py:45(<module>)
        1    0.000    0.000    0.000    0.000 memmap.py:1(<module>)
        1    0.000    0.000    0.000    0.000 numerictypes.py:451(_set_array_types)
        3    0.000    0.000    0.000    0.000 __init__.py:78(CFUNCTYPE)
        2    0.000    0.000    0.000    0.000 function_base.py:9(linspace)
        1    0.000    0.000    0.000    0.000 defchararray.py:17(<module>)
        1    0.000    0.000    0.000    0.000 records.py:36(<module>)
        1    0.000    0.000    0.000    0.000 suite.py:1(<module>)
       12    0.000    0.000    0.000    0.000 ctypeslib.py:303(prep_simple)
        1    0.000    0.000    0.000    0.000 os.py:506(copy)
        1    0.000    0.000    0.000    0.000 _datasource.py:35(<module>)
        1    0.000    0.000    0.000    0.000 numerictypes.py:285(_add_types)
       19    0.000    0.000    0.000    0.000 posixpath.py:120(dirname)
       51    0.000    0.000    0.000    0.000 {method 'join' of 'str' objects}
       18    0.000    0.000    0.000    0.000 core.py:935(__init__)
        1    0.000    0.000    0.000    0.000 threading.py:1081(__init__)
        1    0.000    0.000    0.000    0.000 core.py:2655(MaskedArray)
      137    0.000    0.000    0.000    0.000 sre_parse.py:149(append)
        1    0.000    0.000    0.000    0.000 _endian.py:4(<module>)
        1    0.000    0.000    0.000    0.000 contextlib.py:1(<module>)
      512    0.000    0.000    0.000    0.000 {chr}
       21    0.000    0.000    0.000    0.000 sre_compile.py:428(_simple)
       30    0.000    0.000    0.000    0.000 numerictypes.py:443(_add_array_type)
        1    0.000    0.000    0.000    0.000 scimath.py:17(<module>)
        1    0.000    0.000    0.000    0.000 _import_tools.py:1(<module>)
       75    0.000    0.000    0.000    0.000 _inspect.py:133(strseq)
        3    0.000    0.000    0.000    0.000 __init__.py:493(PYFUNCTYPE)
       21    0.000    0.000    0.000    0.000 numerictypes.py:216(_evalname)
        1    0.000    0.000    0.000    0.000 getlimits.py:3(<module>)
        1    0.000    0.000    0.000    0.000 numerictypes.py:781(_construct_lookups)
        5    0.000    0.000    0.000    0.000 {map}
        1    0.000    0.000    0.000    0.000 {binascii.hexlify}
        1    0.000    0.000    0.000    0.000 numerictypes.py:338(_add_integer_aliases)
        2    0.000    0.000    0.000    0.000 {_ctypes.POINTER}
       16    0.000    0.000    0.000    0.000 {method 'format' of 'str' objects}
       72    0.000    0.000    0.000    0.000 numerictypes.py:127(english_lower)
       80    0.000    0.000    0.000    0.000 {range}
       13    0.000    0.000    0.000    0.000 sre_parse.py:189(__init__)
        5    0.000    0.000    0.000    0.000 functools.py:17(update_wrapper)
       21    0.000    0.000    0.000    0.000 {numpy.core.multiarray.empty}
        1    0.000    0.000    0.000    0.000 result.py:26(TestResult)
        1    0.000    0.000    0.000    0.000 threading.py:647(__init__)
        1    0.000    0.000    0.000    0.000 arrayterator.py:9(<module>)
        1    0.000    0.000    0.000    0.000 twodim_base.py:3(<module>)
        4    0.000    0.000    0.000    0.000 sre_compile.py:411(_mk_bitmap)
       35    0.000    0.000    0.000    0.000 _weakrefset.py:83(add)
       20    0.000    0.000    0.000    0.000 _weakrefset.py:26(__exit__)
      345    0.000    0.000    0.000    0.000 {globals}
      154    0.000    0.000    0.000    0.000 {_sre.getlower}
        1    0.000    0.000    0.000    0.000 linalg.py:76(_determine_error_states)
        3    0.000    0.000    0.000    0.000 result.py:14(failfast)
        1    0.000    0.000    0.000    0.000 nosetester.py:6(<module>)
       66    0.000    0.000    0.000    0.000 sre_compile.py:101(fixup)
        1    0.000    0.000    0.000    0.000 __init__.py:349(__init__)
        5    0.000    0.000    0.000    0.000 getlimits.py:245(__init__)
        2    0.000    0.000    0.000    0.000 utils.py:117(deprecate)
        1    0.000    0.000    0.000    0.000 stride_tricks.py:7(<module>)
       44    0.000    0.000    0.000    0.000 _inspect.py:146(<lambda>)
        1    0.000    0.000    0.000    0.000 <string>:1(<module>)
        8    0.000    0.000    0.000    0.000 {all}
        6    0.000    0.000    0.000    0.000 core.py:1093(__init__)
       40    0.000    0.000    0.000    0.000 sre_parse.py:92(__init__)
        2    0.000    0.000    0.000    0.000 contextlib.py:54(contextmanager)
        2    0.000    0.000    0.000    0.000 shape_base.py:1(<module>)
       40    0.000    0.000    0.000    0.000 _inspect.py:15(ismethod)
        1    0.000    0.000    0.000    0.000 machar.py:7(<module>)
       85    0.000    0.000    0.000    0.000 sre_parse.py:137(__len__)
       20    0.000    0.000    0.000    0.000 _weakrefset.py:20(__enter__)
      125    0.000    0.000    0.000    0.000 {method 'startswith' of 'str' objects}
        1    0.000    0.000    0.000    0.000 _polybase.py:19(ABCPolyBase)
        1    0.000    0.000    0.000    0.000 numerictypes.py:428(_construct_char_code_lookup)
       31    0.000    0.000    0.000    0.000 {method 'items' of 'dict' objects}
       80    0.000    0.000    0.000    0.000 {min}
       11    0.000    0.000    0.000    0.000 {method 'update' of 'dict' objects}
        1    0.000    0.000    0.000    0.000 defchararray.py:1669(chararray)
      148    0.000    0.000    0.000    0.000 {ord}
        1    0.000    0.000    0.000    0.000 polynomial.py:1493(Polynomial)
       46    0.000    0.000    0.000    0.000 collections.py:337(<genexpr>)
        2    0.000    0.000    0.000    0.000 threading.py:242(Condition)
       40    0.000    0.000    0.000    0.000 numerictypes.py:154(english_upper)
       14    0.000    0.000    0.000    0.000 numerictypes.py:181(english_capitalize)
        1    0.000    0.000    0.000    0.000 _iotools.py:473(StringConverter)
        1    0.000    0.000    0.000    0.000 threading.py:576(set)
        1    0.000    0.000    0.000    0.000 format.py:149(<module>)
       26    0.000    0.000    0.000    0.000 sre_compile.py:546(isstring)
        2    0.000    0.000    0.000    0.000 {numpy.core.multiarray.arange}
       40    0.000    0.000    0.000    0.000 _inspect.py:28(isfunction)
       46    0.000    0.000    0.000    0.000 {repr}
      116    0.000    0.000    0.000    0.000 {method 'translate' of 'str' objects}
       49    0.000    0.000    0.000    0.000 {method 'find' of 'bytearray' objects}
        1    0.000    0.000    0.000    0.000 threading.py:631(Thread)
      102    0.000    0.000    0.000    0.000 UserDict.py:35(__getitem__)
       13    0.000    0.000    0.000    0.000 {_sre.compile}
        9    0.000    0.000    0.000    0.000 core.py:2500(__init__)
        1    0.000    0.000    0.000    0.000 threading.py:542(Event)
       20    0.000    0.000    0.000    0.000 {method 'keys' of 'dict' objects}
        2    0.000    0.000    0.000    0.000 utils.py:73(__call__)
        1    0.000    0.000    0.000    0.000 _methods.py:5(<module>)
        1    0.000    0.000    0.000    0.000 hermite_e.py:1789(HermiteE)
       31    0.000    0.000    0.000    0.000 _inspect.py:43(iscode)
       11    0.000    0.000    0.000    0.000 sre_parse.py:268(_escape)
        4    0.000    0.000    0.000    0.000 sre_parse.py:227(isname)
        2    0.000    0.000    0.000    0.000 threading.py:260(__init__)
        1    0.000    0.000    0.000    0.000 pprint.py:35(<module>)
       24    0.000    0.000    0.000    0.000 _weakrefset.py:70(__contains__)
       18    0.000    0.000    0.000    0.000 {_struct.calcsize}
        1    0.000    0.000    0.000    0.000 numbers.py:34(Complex)
        1    0.000    0.000    0.000    0.000 threading.py:561(__init__)
        1    0.000    0.000    0.000    0.000 nanfunctions.py:19(<module>)
        8    0.000    0.000    0.000    0.000 collections.py:363(<genexpr>)
        1    0.000    0.000    0.000    0.000 helper.py:4(<module>)
        1    0.000    0.000    0.000    0.000 numerictypes.py:379(_set_up_aliases)
      117    0.000    0.000    0.000    0.000 {method 'add' of 'set' objects}
        1    0.000    0.000    0.000    0.000 case.py:131(TestCase)
       49    0.000    0.000    0.000    0.000 abc.py:15(abstractmethod)
        1    0.000    0.000    0.000    0.000 __future__.py:48(<module>)
        1    0.000    0.000    0.000    0.000 _internal.py:196(_getintp_ctype)
        6    0.000    0.000    0.000    0.000 hashlib.py:100(__get_openssl_constructor)
        1    0.000    0.000    0.000    0.000 _version.py:7(<module>)
        2    0.000    0.000    0.000    0.000 numeric.py:2473(seterr)
       19    0.000    0.000    0.000    0.000 {method 'rfind' of 'str' objects}
       60    0.000    0.000    0.000    0.000 {method 'get' of 'dict' objects}
       20    0.000    0.000    0.000    0.000 _weakrefset.py:16(__init__)
        1    0.000    0.000    0.000    0.000 numbers.py:295(Integral)
        1    0.000    0.000    0.000    0.000 StringIO.py:30(<module>)
       21    0.000    0.000    0.000    0.000 {method 'extend' of 'list' objects}
        1    0.000    0.000    0.000    0.000 financial.py:10(<module>)
        1    0.000    0.000    0.000    0.000 numbers.py:169(Real)
        1    0.000    0.000    0.000    0.000 _inspect.py:7(<module>)
       21    0.000    0.000    0.000    0.000 {sys._getframe}
        8    0.000    0.000    0.000    0.000 collections.py:361(<genexpr>)
       21    0.000    0.000    0.000    0.000 sre_parse.py:145(__setitem__)
        2    0.000    0.000    0.000    0.000 {numpy.core.multiarray.result_type}
        9    0.000    0.000    0.000    0.000 core.py:2506(getdoc)
        1    0.000    0.000    0.000    0.000 py3k.py:4(<module>)
        1    0.000    0.000    0.000    0.000 numeric.py:2864(__enter__)
        1    0.000    0.000    0.000    0.000 decorators.py:15(<module>)
        1    0.000    0.000    0.000    0.000 defmatrix.py:208(matrix)
        1    0.000    0.000    0.000    0.000 arraypad.py:5(<module>)
        1    0.000    0.000    0.000    0.000 arraysetops.py:26(<module>)
        5    0.000    0.000    0.000    0.000 sre_parse.py:74(opengroup)
        3    0.000    0.000    0.000    0.000 {numpy.core.umath.seterrobj}
        1    0.000    0.000    0.000    0.000 numeric.py:2875(_setdef)
        1    0.000    0.000    0.000    0.000 legendre.py:1769(Legendre)
        1    0.000    0.000    0.000    0.000 <string>:1(Mismatch)
        1    0.000    0.000    0.000    0.000 {math.exp}
        1    0.000    0.000    0.000    0.000 hermite.py:1792(Hermite)
       50    0.000    0.000    0.000    0.000 {_ctypes.sizeof}
        1    0.000    0.000    0.000    0.000 threading.py:400(notifyAll)
        1    0.000    0.000    0.000    0.000 _internal.py:222(_ctypes)
       20    0.000    0.000    0.000    0.000 {method 'rstrip' of 'str' objects}
        5    0.000    0.000    0.000    0.000 functools.py:39(wraps)
        1    0.000    0.000    0.000    0.000 random.py:72(Random)
        1    0.000    0.000    0.000    0.000 core.py:6017(__new__)
       13    0.000    0.000    0.000    0.000 sre_parse.py:67(__init__)
        1    0.000    0.000    0.000    0.000 polynomial.py:939(poly1d)
        1    0.000    0.000    0.000    0.000 ufunclike.py:5(<module>)
        1    0.000    0.000    0.000    0.000 tempfile.py:518(SpooledTemporaryFile)
        1    0.000    0.000    0.000    0.000 threading.py:552(_Event)
        2    0.000    0.000    0.000    0.000 {math.log}
        1    0.000    0.000    0.000    0.000 threading.py:373(notify)
        1    0.000    0.000    0.000    0.000 chebyshev.py:2017(Chebyshev)
        1    0.000    0.000    0.000    0.000 <string>:1(Match)
        2    0.000    0.000    0.000    0.000 getlimits.py:270(max)
        4    0.000    0.000    0.000    0.000 core.py:83(doc_note)
        1    0.000    0.000    0.000    0.000 info.py:84(<module>)
        7    0.000    0.000    0.000    0.000 {hasattr}
        1    0.000    0.000    0.000    0.000 numeric.py:2869(__exit__)
        1    0.000    0.000    0.000    0.000 info.py:34(<module>)
        1    0.000    0.000    0.000    0.000 laguerre.py:1741(Laguerre)
        1    0.000    0.000    0.000    0.000 collections.py:26(OrderedDict)
        5    0.000    0.000    0.000    0.000 sre_parse.py:85(closegroup)
        1    0.000    0.000    0.000    0.000 warnings.py:96(simplefilter)
        1    0.000    0.000    0.000    0.000 fnmatch.py:11(<module>)
       20    0.000    0.000    0.000    0.000 {method '__subclasses__' of 'type' objects}
       20    0.000    0.000    0.000    0.000 _weakrefset.py:52(_commit_removals)
        1    0.000    0.000    0.000    0.000 extras.py:1566(__init__)
        1    0.000    0.000    0.000    0.000 info.py:148(<module>)
        1    0.000    0.000    0.000    0.000 UserDict.py:56(keys)
        1    0.000    0.000    0.000    0.000 core.py:6010(MaskedConstant)
        1    0.000    0.000    0.000    0.000 info.py:83(<module>)
        3    0.000    0.000    0.000    0.000 index_tricks.py:242(__init__)
        1    0.000    0.000    0.000    0.000 keyword.py:11(<module>)
        1    0.000    0.000    0.000    0.000 _iotools.py:250(NameValidator)
        1    0.000    0.000    0.000    0.000 info.py:184(<module>)
       24    0.000    0.000    0.000    0.000 sre_parse.py:221(isident)
        1    0.000    0.000    0.000    0.000 {method 'view' of 'numpy.ndarray' objects}
       38    0.000    0.000    0.000    0.000 {method 'isalnum' of 'str' objects}
        2    0.000    0.000    0.000    0.000 numeric.py:2573(geterr)
        1    0.000    0.000    0.000    0.000 arrayterator.py:20(Arrayterator)
        4    0.000    0.000    0.000    0.000 {method 'replace' of 'str' objects}
        1    0.000    0.000    0.000    0.000 copy_reg.py:14(pickle)
       15    0.000    0.000    0.000    0.000 {setattr}
        1    0.000    0.000    0.000    0.000 warnings.py:361(__enter__)
        1    0.000    0.000    0.000    0.000 index_tricks.py:470(__init__)
       20    0.000    0.000    0.000    0.000 {method '__subclasshook__' of 'object' objects}
        1    0.000    0.000    0.000    0.000 threading.py:1049(_Timer)
        1    0.000    0.000    0.000    0.000 extras.py:1496(__init__)
        2    0.000    0.000    0.000    0.000 {method 'setter' of 'property' objects}
        1    0.000    0.000    0.000    0.000 index_tricks.py:447(__init__)
        2    0.000    0.000    0.000    0.000 numeric.py:1773(set_string_function)
        6    0.000    0.000    0.000    0.000 {math.sqrt}
        2    0.000    0.000    0.000    0.000 {method 'astype' of 'numpy.ndarray' objects}
        1    0.000    0.000    0.000    0.000 numbers.py:270(Rational)
        1    0.000    0.000    0.000    0.000 tempfile.py:108(_RandomNameSequence)
        4    0.000    0.000    0.000    0.000 threading.py:59(__init__)
        1    0.000    0.000    0.000    0.000 _datasource.py:504(Repository)
        1    0.000    0.000    0.000    0.000 runner.py:28(TextTestResult)
        1    0.000    0.000    0.000    0.000 getlimits.py:195(iinfo)
        1    0.000    0.000    0.000    0.000 threading.py:255(_Condition)
        1    0.000    0.000    0.000    0.000 weakref.py:297(__init__)
        1    0.000    0.000    0.000    0.000 collections.py:395(Counter)
        1    0.000    0.000    0.000    0.000 __config__.py:3(<module>)
        1    0.000    0.000    0.000    0.000 core.py:5809(mvoid)
        1    0.000    0.000    0.000    0.000 difflib.py:1670(HtmlDiff)
        1    0.000    0.000    0.000    0.000 random.py:805(SystemRandom)
        1    0.000    0.000    0.000    0.000 warnings.py:340(__init__)
        1    0.000    0.000    0.000    0.000 threading.py:288(__exit__)
        1    0.000    0.000    0.000    0.000 _iotools.py:154(LineSplitter)
        1    0.000    0.000    0.000    0.000 UserDict.py:91(get)
        1    0.000    0.000    0.000    0.000 difflib.py:44(SequenceMatcher)
        1    0.000    0.000    0.000    0.000 ctypeslib.py:150(_ndptr)
        1    0.000    0.000    0.000    0.000 npyio.py:95(NpzFile)
        4    0.000    0.000    0.000    0.000 {thread.allocate_lock}
        1    0.000    0.000    0.000    0.000 threading.py:285(__enter__)
       20    0.000    0.000    0.000    0.000 {method 'remove' of 'set' objects}
        7    0.000    0.000    0.000    0.000 {method 'pop' of 'dict' objects}
        1    0.000    0.000    0.000    0.000 StringIO.py:42(StringIO)
        1    0.000    0.000    0.000    0.000 main.py:63(TestProgram)
        1    0.000    0.000    0.000    0.000 threading.py:300(_is_owned)
        3    0.000    0.000    0.000    0.000 __init__.py:104(CFunctionType)
        1    0.000    0.000    0.000    0.000 _import_tools.py:9(PackageLoader)
        1    0.000    0.000    0.000    0.000 stride_tricks.py:15(DummyArray)
        1    0.000    0.000    0.000    0.000 loader.py:38(TestLoader)
        1    0.000    0.000    0.000    0.000 _datasource.py:154(DataSource)
        1    0.000    0.000    0.000    0.000 {_ctypes.dlopen}
        6    0.000    0.000    0.000    0.000 {method 'insert' of 'list' objects}
        1    0.000    0.000    0.000    0.000 index_tricks.py:223(AxisConcatenator)
        1    0.000    0.000    0.000    0.000 numeric.py:2860(__init__)
        2    0.000    0.000    0.000    0.000 {method 'split' of 'str' objects}
        2    0.000    0.000    0.000    0.000 {numpy.core.multiarray.set_string_function}
        1    0.000    0.000    0.000    0.000 core.py:2301(_MaskedPrintOption)
        1    0.000    0.000    0.000    0.000 version.py:3(<module>)
        1    0.000    0.000    0.000    0.000 threading.py:125(_RLock)
        2    0.000    0.000    0.000    0.000 sre_parse.py:224(isdigit)
        1    0.000    0.000    0.000    0.000 nosetester.py:128(NoseTester)
        1    0.000    0.000    0.000    0.000 {_ctypes.set_conversion_mode}
        1    0.000    0.000    0.000    0.000 {method 'union' of 'set' objects}
        3    0.000    0.000    0.000    0.000 __init__.py:494(CFunctionType)
        1    0.000    0.000    0.000    0.000 core.py:6182(__init__)
        2    0.000    0.000    0.000    0.000 {method 'clear' of 'dict' objects}
        1    0.000    0.000    0.000    0.000 _version.py:18(NumpyVersion)
        8    0.000    0.000    0.000    0.000 {method 'isdigit' of 'str' objects}
        1    0.000    0.000    0.000    0.000 npyio.py:40(BagObj)
        1    0.000    0.000    0.000    0.000 runner.py:119(TextTestRunner)
        1    0.000    0.000    0.000    0.000 index_tricks.py:87(nd_grid)
        4    0.000    0.000    0.000    0.000 core.py:2513(__get__)
        1    0.000    0.000    0.000    0.000 __init__.py:159(py_object)
        7    0.000    0.000    0.000    0.000 case.py:607(_deprecate)
        1    0.000    0.000    0.000    0.000 records.py:215(record)
        3    0.000    0.000    0.000    0.000 core.py:759(__init__)
        1    0.000    0.000    0.000    0.000 threading.py:780(_set_ident)
        1    0.000    0.000    0.000    0.000 copy_reg.py:27(constructor)
        1    0.000    0.000    0.000    0.000 core.py:2470(_arraymethod)
        1    0.000    0.000    0.000    0.000 case.py:1018(FunctionTestCase)
        1    0.000    0.000    0.000    0.000 threading.py:423(_Semaphore)
        1    0.000    0.000    0.000    0.000 suite.py:78(TestSuite)
        7    0.000    0.000    0.000    0.000 __future__.py:75(__init__)
        1    0.000    0.000    0.000    0.000 {zip}
        1    0.000    0.000    0.000    0.000 core.py:6196(__init__)
        1    0.000    0.000    0.000    0.000 suite.py:16(BaseTestSuite)
        1    0.000    0.000    0.000    0.000 {_hashlib.openssl_md5}
        1    0.000    0.000    0.000    0.000 io.py:69(IOBase)
        1    0.000    0.000    0.000    0.000 core.py:2541(MaskedIterator)
        1    0.000    0.000    0.000    0.000 random.py:655(WichmannHill)
        1    0.000    0.000    0.000    0.000 utils.py:1002(SafeEval)
        1    0.000    0.000    0.000    0.000 records.py:298(recarray)
        5    0.000    0.000    0.000    0.000 {method 'remove' of 'list' objects}
        1    0.000    0.000    0.000    0.000 __init__.py:332(CDLL)
        1    0.000    0.000    0.000    0.000 tempfile.py:383(_TemporaryFileWrapper)
        1    0.000    0.000    0.000    0.000 arrayprint.py:528(FloatFormat)
        1    0.000    0.000    0.000    0.000 {method 'find' of 'str' objects}
        1    0.000    0.000    0.000    0.000 warnings.py:377(__exit__)
        1    0.000    0.000    0.000    0.000 core.py:915(_MaskedBinaryOperation)
        1    0.000    0.000    0.000    0.000 records.py:83(format_parser)
        1    0.000    0.000    0.000    0.000 signals.py:9(_InterruptHandler)
        1    0.000    0.000    0.000    0.000 contextlib.py:9(GeneratorContextManager)
        1    0.000    0.000    0.000    0.000 {numpy.core.multiarray.set_typeDict}
        1    0.000    0.000    0.000    0.000 threading.py:1079(_MainThread)
        1    0.000    0.000    0.000    0.000 io.py:76(BufferedIOBase)
        1    0.000    0.000    0.000    0.000 numerictypes.py:765(_typedict)
        1    0.000    0.000    0.000    0.000 {_hashlib.openssl_sha1}
        1    0.000    0.000    0.000    0.000 core.py:2307(__init__)
        1    0.000    0.000    0.000    0.000 suite.py:252(_ErrorHolder)
        1    0.000    0.000    0.000    0.000 __init__.py:243(c_char_p)
        1    0.000    0.000    0.000    0.000 utils.py:1755(IgnoreException)
        1    0.000    0.000    0.000    0.000 _datasource.py:74(__init__)
        1    0.000    0.000    0.000    0.000 utils.py:56(_Deprecate)
        1    0.000    0.000    0.000    0.000 core.py:1072(_DomainedBinaryOperation)
        3    0.000    0.000    0.000    0.000 _inspect.py:144(<lambda>)
        1    0.000    0.000    0.000    0.000 core.py:6245(_frommethod)
        1    0.000    0.000    0.000    0.000 __init__.py:294(c_wchar)
        3    0.000    0.000    0.000    0.000 core.py:815(__init__)
        1    0.000    0.000    0.000    0.000 polyutils.py:58(RankWarning)
        1    0.000    0.000    0.000    0.000 {method 'acquire' of 'thread.lock' objects}
        2    0.000    0.000    0.000    0.000 {posix.getpid}
        1    0.000    0.000    0.000    0.000 extras.py:1550(mr_class)
        1    0.000    0.000    0.000    0.000 __init__.py:428(LibraryLoader)
        2    0.000    0.000    0.000    0.000 index_tricks.py:647(__init__)
        1    0.000    0.000    0.000    0.000 arrayprint.py:711(DatetimeFormat)
        1    0.000    0.000    0.000    0.000 _datasource.py:50(_FileOpeners)
        1    0.000    0.000    0.000    0.000 shutil.py:34(SpecialFileError)
        1    0.000    0.000    0.000    0.000 core.py:6020(__array_finalize__)
        2    0.000    0.000    0.000    0.000 core.py:830(__init__)
        1    0.000    0.000    0.000    0.000 __init__.py:172(c_ushort)
        1    0.000    0.000    0.000    0.000 pprint.py:84(PrettyPrinter)
        1    0.000    0.000    0.000    0.000 utils.py:1533(WarningMessage)
        1    0.000    0.000    0.000    0.000 polyutils.py:66(PolyDomainError)
        1    0.000    0.000    0.000    0.000 polyutils.py:62(PolyError)
        1    0.000    0.000    0.000    0.000 numeric.py:2793(_unspecified)
        1    0.000    0.000    0.000    0.000 threading.py:57(_Verbose)
        1    0.000    0.000    0.000    0.000 core.py:772(_DomainTan)
        1    0.000    0.000    0.000    0.000 function_base.py:1640(vectorize)
        1    0.000    0.000    0.000    0.000 core.py:7510(_convert2ma)
        1    0.000    0.000    0.000    0.000 __init__.py:233(c_byte)
        1    0.000    0.000    0.000    0.000 arrayprint.py:634(IntegerFormat)
        1    0.000    0.000    0.000    0.000 core.py:6192(_maximum_operation)
        1    0.000    0.000    0.000    0.000 __future__.py:74(_Feature)
        1    0.000    0.000    0.000    0.000 index_tricks.py:475(ndenumerate)
        1    0.000    0.000    0.000    0.000 case.py:98(_AssertRaisesContext)
        1    0.000    0.000    0.000    0.000 difflib.py:764(Differ)
        1    0.000    0.000    0.000    0.000 index_tricks.py:352(RClass)
        1    0.000    0.000    0.000    0.000 core.py:809(_DomainGreater)
        2    0.000    0.000    0.000    0.000 utils.py:51(_set_function_name)
        1    0.000    0.000    0.000    0.000 {_hashlib.openssl_sha256}
        1    0.000    0.000    0.000    0.000 index_tricks.py:525(ndindex)
        1    0.000    0.000    0.000    0.000 io.py:79(TextIOBase)
        1    0.000    0.000    0.000    0.000 index_tricks.py:603(IndexExpression)
        1    0.000    0.000    0.000    0.000 __init__.py:255(c_void_p)
        1    0.000    0.000    0.000    0.000 shutil.py:31(Error)
        1    0.000    0.000    0.000    0.000 threading.py:515(_BoundedSemaphore)
        1    0.000    0.000    0.000    0.000 machar.py:17(MachAr)
        1    0.000    0.000    0.000    0.000 utils.py:1772(clear_and_catch_warnings)
        1    0.000    0.000    0.000    0.000 core.py:839(_MaskedUnaryOperation)
        6    0.000    0.000    0.000    0.000 {numpy.core.umath.geterrobj}
        1    0.000    0.000    0.000    0.000 extras.py:213(_fromnxfunction)
        1    0.000    0.000    0.000    0.000 __init__.py:168(c_short)
        1    0.000    0.000    0.000    0.000 __init__.py:124(VisibleDeprecationWarning)
        1    0.000    0.000    0.000    0.000 core.py:824(_DomainGreaterEqual)
        1    0.000    0.000    0.000    0.000 core.py:119(MAError)
        2    0.000    0.000    0.000    0.000 utils.py:68(__init__)
        1    0.000    0.000    0.000    0.000 _inspect.py:145(<lambda>)
        1    0.000    0.000    0.000    0.000 core.py:750(_DomainCheckInterval)
        1    0.000    0.000    0.000    0.000 core.py:6178(_minimum_operation)
        6    0.000    0.000    0.000    0.000 core.py:795(__init__)
        1    0.000    0.000    0.000    0.000 _internal.py:215(_missing_ctypes)
        1    0.000    0.000    0.000    0.000 __init__.py:359(_FuncPtr)
        1    0.000    0.000    0.000    0.000 utils.py:1565(WarningManager)
        1    0.000    0.000    0.000    0.000 extras.py:1484(MAxisConcatenator)
        1    0.000    0.000    0.000    0.000 arrayprint.py:739(TimedeltaFormat)
        1    0.000    0.000    0.000    0.000 index_tricks.py:452(CClass)
        1    0.000    0.000    0.000    0.000 __init__.py:176(c_long)
        1    0.000    0.000    0.000    0.000 {method '__enter__' of 'thread.lock' objects}
        1    0.000    0.000    0.000    0.000 memmap.py:20(memmap)
        8    0.000    0.000    0.000    0.000 {method '__contains__' of 'frozenset' objects}
        1    0.000    0.000    0.000    0.000 _endian.py:26(_swapped_meta)
        2    0.000    0.000    0.000    0.000 __init__.py:429(__init__)
        1    0.000    0.000    0.000    0.000 core.py:789(_DomainSafeDivide)
        1    0.000    0.000    0.000    0.000 __init__.py:388(PyDLL)
        1    0.000    0.000    0.000    0.000 io.py:73(RawIOBase)
        1    0.000    0.000    0.000    0.000 arrayprint.py:654(LongFloatFormat)
        1    0.000    0.000    0.000    0.000 case.py:34(_ExpectedFailure)
        1    0.000    0.000    0.000    0.000 getlimits.py:25(finfo)
        2    0.000    0.000    0.000    0.000 index_tricks.py:148(__init__)
        1    0.000    0.000    0.000    0.000 numbers.py:13(Number)
        1    0.000    0.000    0.000    0.000 contextlib.py:132(closing)
        1    0.000    0.000    0.000    0.000 threading.py:64(_note)
        1    0.000    0.000    0.000    0.000 shutil.py:38(ExecError)
        1    0.000    0.000    0.000    0.000 __init__.py:291(c_wchar_p)
        1    0.000    0.000    0.000    0.000 {_hashlib.openssl_sha384}
        1    0.000    0.000    0.000    0.000 case.py:45(_UnexpectedSuccess)
        1    0.000    0.000    0.000    0.000 polynomial.py:22(RankWarning)
        1    0.000    0.000    0.000    0.000 {_hashlib.openssl_sha224}
        1    0.000    0.000    0.000    0.000 __init__.py:135(_NoValue)
        1    0.000    0.000    0.000    0.000 _iotools.py:452(ConverterLockError)
        1    0.000    0.000    0.000    0.000 __init__.py:226(c_ubyte)
        1    0.000    0.000    0.000    0.000 runner.py:12(_WritelnDecorator)
        1    0.000    0.000    0.000    0.000 _import_tools.py:341(PackageLoaderDebug)
        1    0.000    0.000    0.000    0.000 arrayprint.py:695(ComplexFormat)
        1    0.000    0.000    0.000    0.000 core.py:780(__init__)
        1    0.000    0.000    0.000    0.000 core.py:127(MaskError)
        1    0.000    0.000    0.000    0.000 core.py:6121(_extrema_operation)
        1    0.000    0.000    0.000    0.000 numeric.py:50(ComplexWarning)
        1    0.000    0.000    0.000    0.000 {method '__exit__' of 'thread.lock' objects}
        1    0.000    0.000    0.000    0.000 __init__.py:112(ModuleDeprecationWarning)
        1    0.000    0.000    0.000    0.000 case.py:25(SkipTest)
        1    0.000    0.000    0.000    0.000 threading.py:1088(_set_daemon)
        2    0.000    0.000    0.000    0.000 {thread.get_ident}
        1    0.000    0.000    0.000    0.000 numeric.py:2797(errstate)
        1    0.000    0.000    0.000    0.000 linalg.py:43(LinAlgError)
        1    0.000    0.000    0.000    0.000 arrayprint.py:684(LongComplexFormat)
        1    0.000    0.000    0.000    0.000 __init__.py:260(c_bool)
        3    0.000    0.000    0.000    0.000 UserDict.py:103(__contains__)
        1    0.000    0.000    0.000    0.000 __init__.py:193(c_uint)
        1    0.000    0.000    0.000    0.000 __init__.py:201(c_double)
        1    0.000    0.000    0.000    0.000 _iotools.py:444(ConverterError)
        1    0.000    0.000    0.000    0.000 __init__.py:189(c_int)
        1    0.000    0.000    0.000    0.000 _iotools.py:460(ConversionWarning)
        1    0.000    0.000    0.000    0.000 {_hashlib.openssl_sha512}
        1    0.000    0.000    0.000    0.000 threading.py:1119(_DummyThread)
        1    0.000    0.000    0.000    0.000 __init__.py:238(c_char)
        1    0.000    0.000    0.000    0.000 _endian.py:49(BigEndianStructure)
        1    0.000    0.000    0.000    0.000 __init__.py:205(c_longdouble)
        1    0.000    0.000    0.000    0.000 __init__.py:180(c_ulong)
        1    0.000    0.000    0.000    0.000 __init__.py:197(c_float)
        1    0.000    0.000    0.000    0.000 polyutils.py:79(PolyBase)
        1    0.000    0.000    0.000    0.000 suite.py:299(_DebugResult)
        1    0.000    0.000    0.000    0.000 {method 'disable' of '_lsprof.Profiler' objects}


